Arguments: 
  /usr/bin/node /usr/share/yarn/bin/yarn.js add jquery3 popper bootstrap

PATH: 
  /home/anton/.rbenv/shims:/home/anton/.rbenv/bin:/usr/local/sbin:/usr/local/bin:/usr/sbin:/usr/bin:/sbin:/bin:/usr/games:/usr/local/games:/snap/bin

Yarn version: 
  1.21.1

Node version: 
  10.15.2

Platform: 
  linux x64

Trace: 
  Error: https://registry.yarnpkg.com/jquery3: Not found
      at Request.params.callback [as _callback] (/usr/share/yarn/lib/cli.js:66947:18)
      at Request.self.callback (/usr/share/yarn/lib/cli.js:140665:22)
      at Request.emit (events.js:189:13)
      at Request.<anonymous> (/usr/share/yarn/lib/cli.js:141637:10)
      at Request.emit (events.js:189:13)
      at IncomingMessage.<anonymous> (/usr/share/yarn/lib/cli.js:141559:12)
      at Object.onceWrapper (events.js:277:13)
      at IncomingMessage.emit (events.js:194:15)
      at endReadableNT (_stream_readable.js:1103:12)
      at process._tickCallback (internal/process/next_tick.js:63:19)

npm manifest: 
  No manifest

yarn manifest: 
  No manifest

Lockfile: 
  No lockfile
